<?xml version="1.0" encoding="UTF-8" ?>
<testsuite tests="1" failures="0" name="RunnerTests.RunnerTest" time="5.745" errors="1" skipped="0">
  <properties>
[...]
</properties>
  <testcase classname="Tela de Login" name="Login com sucesso" time="5.745">
    <error message="element click intercepted: Element &lt;button class=&quot;btn-flat picker__today waves-effect&quot; type=&quot;button&quot; data-pick=&quot;1582686000000&quot; aria-controls=&quot;P397990102&quot; disabled=&quot;disabled&quot;&gt;...&lt;/button&gt; is not clickable at point (636, 559). Other element would receive the click: &lt;div class=&quot;modal-footer&quot;&gt;...&lt;/div&gt;
  (Session info: chrome=80.0.3987.122)
Build info: version: &apos;3.141.59&apos;, revision: &apos;e82be7d358&apos;, time: &apos;2018-11-14T08:17:03&apos;
System info: host: &apos;severino-ThinkCentre-M93p&apos;, ip: &apos;127.0.1.1&apos;, os.name: &apos;Linux&apos;, os.arch: &apos;amd64&apos;, os.version: &apos;5.3.0-40-generic&apos;, java.version: &apos;1.8.0_242&apos;
Driver info: org.openqa.selenium.chrome.ChromeDriver
Capabilities {acceptInsecureCerts: false, browserName: chrome, browserVersion: 80.0.3987.122, chrome: {chromedriverVersion: 80.0.3987.106 (f68069574609..., userDataDir: /tmp/.com.google.Chrome.XI7rxe}, goog:chromeOptions: {debuggerAddress: localhost:41423}, javascriptEnabled: true, networkConnectionEnabled: false, pageLoadStrategy: normal, platform: LINUX, platformName: LINUX, proxy: Proxy(), setWindowRect: true, strictFileInteractability: false, timeouts: {implicit: 0, pageLoad: 300000, script: 30000}, unhandledPromptBehavior: dismiss and notify}
Session ID: 1e797c5da66bcdb5cd49f6e563ecefc9" type="org.openqa.selenium.ElementClickInterceptedException">org.openqa.selenium.ElementClickInterceptedException: element click intercepted: Element &lt;button class=&quot;btn-flat picker__today waves-effect&quot; type=&quot;button&quot; data-pick=&quot;1582686000000&quot; aria-controls=&quot;P397990102&quot; disabled=&quot;disabled&quot;&gt;...&lt;/button&gt; is not clickable at point (636, 559). Other element would receive the click: &lt;div class=&quot;modal-footer&quot;&gt;...&lt;/div&gt;
  (Session info: chrome=80.0.3987.122)
Build info: version: &apos;3.141.59&apos;, revision: &apos;e82be7d358&apos;, time: &apos;2018-11-14T08:17:03&apos;
System info: host: &apos;severino-ThinkCentre-M93p&apos;, ip: &apos;127.0.1.1&apos;, os.name: &apos;Linux&apos;, os.arch: &apos;amd64&apos;, os.version: &apos;5.3.0-40-generic&apos;, java.version: &apos;1.8.0_242&apos;
Driver info: org.openqa.selenium.chrome.ChromeDriver
Capabilities {acceptInsecureCerts: false, browserName: chrome, browserVersion: 80.0.3987.122, chrome: {chromedriverVersion: 80.0.3987.106 (f68069574609..., userDataDir: /tmp/.com.google.Chrome.XI7rxe}, goog:chromeOptions: {debuggerAddress: localhost:41423}, javascriptEnabled: true, networkConnectionEnabled: false, pageLoadStrategy: normal, platform: LINUX, platformName: LINUX, proxy: Proxy(), setWindowRect: true, strictFileInteractability: false, timeouts: {implicit: 0, pageLoad: 300000, script: 30000}, unhandledPromptBehavior: dismiss and notify}
Session ID: 1e797c5da66bcdb5cd49f6e563ecefc9
	at sun.reflect.NativeConstructorAccessorImpl.newInstance0(Native Method)
	at sun.reflect.NativeConstructorAccessorImpl.newInstance(NativeConstructorAccessorImpl.java:62)
	at sun.reflect.DelegatingConstructorAccessorImpl.newInstance(DelegatingConstructorAccessorImpl.java:45)
	at java.lang.reflect.Constructor.newInstance(Constructor.java:423)
	at org.openqa.selenium.remote.http.W3CHttpResponseCodec.createException(W3CHttpResponseCodec.java:187)
	at org.openqa.selenium.remote.http.W3CHttpResponseCodec.decode(W3CHttpResponseCodec.java:122)
	at org.openqa.selenium.remote.http.W3CHttpResponseCodec.decode(W3CHttpResponseCodec.java:49)
	at org.openqa.selenium.remote.HttpCommandExecutor.execute(HttpCommandExecutor.java:158)
	at org.openqa.selenium.remote.service.DriverCommandExecutor.execute(DriverCommandExecutor.java:83)
	at org.openqa.selenium.remote.RemoteWebDriver.execute(RemoteWebDriver.java:552)
	at org.openqa.selenium.remote.RemoteWebElement.execute(RemoteWebElement.java:285)
	at org.openqa.selenium.remote.RemoteWebElement.click(RemoteWebElement.java:84)
	at PageObjects.TaskPage.data(TaskPage.java:75)
	at stepDefinition.StepTask.selecionar_data_limite(StepTask.java:88)
	at ✽.selecionar data limite(file:src/Features/Task.feature:11)
</error>
    <system-err>Starting ChromeDriver 80.0.3987.106 (f68069574609230cf9b635cd784cfb1bf81bb53a-refs/branch-heads/3987@{#882}) on port 11836
Only local connections are allowed.
Please protect ports used by ChromeDriver and related test frameworks to prevent access by malicious code.
fev 26, 2020 10:12:45 PM org.openqa.selenium.remote.ProtocolHandshake createSession
INFORMAÇÕES: Detected dialect: W3C
[1582765966,802][SEVERE]: Timed out receiving message from renderer: 0,100
[1582765966,904][SEVERE]: Timed out receiving message from renderer: 0,100
[1582765967,006][SEVERE]: Timed out receiving message from renderer: 0,100
[1582765967,112][SEVERE]: Timed out receiving message from renderer: 0,100
[1582765967,216][SEVERE]: Timed out receiving message from renderer: 0,100
[1582765967,318][SEVERE]: Timed out receiving message from renderer: 0,100
[1582765967,422][SEVERE]: Timed out receiving message from renderer: 0,100
[1582765967,523][SEVERE]: Timed out receiving message from renderer: 0,100
</system-err>
  </testcase>
</testsuite>