<?xml version="1.0" encoding="UTF-8" ?>
<testsuite tests="1" failures="0" name="RunnerTests.RunnerTest" time="11.757" errors="1" skipped="0">
  <properties>
[...]
</properties>
  <testcase classname="Tela de Login" name="Login com sucesso" time="11.757">
    <error message="Unable to locate element: My tasks
For documentation on this error, please visit: https://www.seleniumhq.org/exceptions/no_such_element.html
Build info: version: &apos;3.141.59&apos;, revision: &apos;e82be7d358&apos;, time: &apos;2018-11-14T08:17:03&apos;
System info: host: &apos;severino-ThinkCentre-M93p&apos;, ip: &apos;127.0.1.1&apos;, os.name: &apos;Linux&apos;, os.arch: &apos;amd64&apos;, os.version: &apos;5.3.0-28-generic&apos;, java.version: &apos;1.8.0_242&apos;
Driver info: org.openqa.selenium.firefox.FirefoxDriver
Capabilities {acceptInsecureCerts: true, browserName: firefox, browserVersion: 73.0, javascriptEnabled: true, moz:accessibilityChecks: false, moz:buildID: 20200207195153, moz:geckodriverVersion: 0.25.0, moz:headless: false, moz:processID: 28513, moz:profile: /tmp/rust_mozprofileJPNRnT, moz:shutdownTimeout: 60000, moz:useNonSpecCompliantPointerOrigin: false, moz:webdriverClick: true, pageLoadStrategy: normal, platform: LINUX, platformName: LINUX, platformVersion: 5.3.0-28-generic, rotatable: false, setWindowRect: true, strictFileInteractability: false, timeouts: {implicit: 0, pageLoad: 300000, script: 30000}, unhandledPromptBehavior: dismiss and notify}
Session ID: 2bdb431a-7ce5-4517-9e82-7e7bf97b6de5
*** Element info: {Using=link text, value=My tasks}" type="org.openqa.selenium.NoSuchElementException">org.openqa.selenium.NoSuchElementException: Unable to locate element: My tasks
For documentation on this error, please visit: https://www.seleniumhq.org/exceptions/no_such_element.html
Build info: version: &apos;3.141.59&apos;, revision: &apos;e82be7d358&apos;, time: &apos;2018-11-14T08:17:03&apos;
System info: host: &apos;severino-ThinkCentre-M93p&apos;, ip: &apos;127.0.1.1&apos;, os.name: &apos;Linux&apos;, os.arch: &apos;amd64&apos;, os.version: &apos;5.3.0-28-generic&apos;, java.version: &apos;1.8.0_242&apos;
Driver info: org.openqa.selenium.firefox.FirefoxDriver
Capabilities {acceptInsecureCerts: true, browserName: firefox, browserVersion: 73.0, javascriptEnabled: true, moz:accessibilityChecks: false, moz:buildID: 20200207195153, moz:geckodriverVersion: 0.25.0, moz:headless: false, moz:processID: 28513, moz:profile: /tmp/rust_mozprofileJPNRnT, moz:shutdownTimeout: 60000, moz:useNonSpecCompliantPointerOrigin: false, moz:webdriverClick: true, pageLoadStrategy: normal, platform: LINUX, platformName: LINUX, platformVersion: 5.3.0-28-generic, rotatable: false, setWindowRect: true, strictFileInteractability: false, timeouts: {implicit: 0, pageLoad: 300000, script: 30000}, unhandledPromptBehavior: dismiss and notify}
Session ID: 2bdb431a-7ce5-4517-9e82-7e7bf97b6de5
*** Element info: {Using=link text, value=My tasks}
	at sun.reflect.NativeConstructorAccessorImpl.newInstance0(Native Method)
	at sun.reflect.NativeConstructorAccessorImpl.newInstance(NativeConstructorAccessorImpl.java:62)
	at sun.reflect.DelegatingConstructorAccessorImpl.newInstance(DelegatingConstructorAccessorImpl.java:45)
	at java.lang.reflect.Constructor.newInstance(Constructor.java:423)
	at org.openqa.selenium.remote.http.W3CHttpResponseCodec.createException(W3CHttpResponseCodec.java:187)
	at org.openqa.selenium.remote.http.W3CHttpResponseCodec.decode(W3CHttpResponseCodec.java:122)
	at org.openqa.selenium.remote.http.W3CHttpResponseCodec.decode(W3CHttpResponseCodec.java:49)
	at org.openqa.selenium.remote.HttpCommandExecutor.execute(HttpCommandExecutor.java:158)
	at org.openqa.selenium.remote.service.DriverCommandExecutor.execute(DriverCommandExecutor.java:83)
	at org.openqa.selenium.remote.RemoteWebDriver.execute(RemoteWebDriver.java:552)
	at org.openqa.selenium.remote.RemoteWebDriver.findElement(RemoteWebDriver.java:323)
	at org.openqa.selenium.remote.RemoteWebDriver.findElementByLinkText(RemoteWebDriver.java:380)
	at org.openqa.selenium.By$ByLinkText.findElement(By.java:220)
	at org.openqa.selenium.remote.RemoteWebDriver.findElement(RemoteWebDriver.java:315)
	at PageObjects.LoginPage.clicarAdicionarTaks(LoginPage.java:63)
	at stepDefinition.DadosLogin.clico_em_acionar_task(DadosLogin.java:70)
	at ✽.clico em acionar task(file:src/Features/Login.feature:9)
</error>
    <system-out>&amp;#27;[32m.&amp;#27;[0m&amp;#27;[32m.&amp;#27;[0m&amp;#27;[32m.&amp;#27;[0m&amp;#27;[32m.&amp;#27;[0m&amp;#27;[32m.&amp;#27;[0m&amp;#27;[31mF&amp;#27;[0m&amp;#27;[36m-&amp;#27;[0m&amp;#27;[36m-&amp;#27;[0m&amp;#27;[36m-&amp;#27;[0m&amp;#27;[36m-&amp;#27;[0m&amp;#27;[36m-&amp;#27;[0m</system-out>
    <system-err>1582317590388	mozrunner::runner	INFO	Running command: &quot;/usr/lib/firefox/firefox&quot; &quot;-marionette&quot; &quot;-foreground&quot; &quot;-no-remote&quot; &quot;-profile&quot; &quot;/tmp/rust_mozprofileJPNRnT&quot;
1582317591225	addons.webextension.doh-rollout@mozilla.org	WARN	Loading extension &apos;doh-rollout@mozilla.org&apos;: Reading manifest: Invalid extension permission: networkStatus
1582317592715	addons.webextension.screenshots@mozilla.org	WARN	Loading extension &apos;screenshots@mozilla.org&apos;: Reading manifest: Invalid extension permission: mozillaAddons
1582317592715	addons.webextension.screenshots@mozilla.org	WARN	Loading extension &apos;screenshots@mozilla.org&apos;: Reading manifest: Invalid extension permission: telemetry
1582317592715	addons.webextension.screenshots@mozilla.org	WARN	Loading extension &apos;screenshots@mozilla.org&apos;: Reading manifest: Invalid extension permission: resource://pdf.js/
1582317592716	addons.webextension.screenshots@mozilla.org	WARN	Loading extension &apos;screenshots@mozilla.org&apos;: Reading manifest: Invalid extension permission: about:reader*
1582317598350	Marionette	INFO	Listening on port 44521
1582317598410	Marionette	WARN	TLS certificate errors will be ignored for this session
fev 21, 2020 5:39:58 PM org.openqa.selenium.remote.ProtocolHandshake createSession
INFORMAÇÕES: Detected dialect: W3C
</system-err>
  </testcase>
</testsuite>